<?xml version="1.0" encoding="UTF-8"?>
<!-- Generated by org.testng.reporters.JUnitReportReporter -->
<testsuite hostname="DESKTOP-P6VVUJG" failures="0" tests="1" name="PS" time="0.048" errors="0" timestamp="2023-04-09T21:52:48 IST" skipped="0">
  <testcase classname="PS" name="testrun" time="0.048"/>
  <system-out/>
</testsuite> <!-- PS -->
